<?xml version="1.0" encoding="UTF-8"?>
<!-- Generated by org.testng.reporters.JUnitReportReporter -->
<testsuite skipped="0" hostname="admin106-desktop" name="com.bridgelabz.linkedin.testcase.VerifyLogin" tests="1" failures="0" timestamp="2019-12-17T10:16:42 IST" time="15.168" errors="0">
  <testcase name="verifyLogin" time="15.168" classname="com.bridgelabz.linkedin.testcase.VerifyLogin"/>
</testsuite> <!-- com.bridgelabz.linkedin.testcase.VerifyLogin -->
