<?xml version="1.0" encoding="UTF-8"?>
<!-- Generated by org.testng.reporters.JUnitReportReporter -->
<testsuite skipped="0" hostname="admin106-desktop" name="com.bridgelabz.linkedIn.testcases.LinkedInTest" tests="1" failures="0" timestamp="2019-12-18T19:34:18 IST" time="41.620" errors="0">
  <testcase name="login" time="41.620" classname="com.bridgelabz.linkedIn.testcases.LinkedInTest"/>
</testsuite> <!-- com.bridgelabz.linkedIn.testcases.LinkedInTest -->
