<?xml version="1.0" encoding="UTF-8"?>
<!-- Generated by org.testng.reporters.JUnitReportReporter -->
<testsuite skipped="1" hostname="admin106-desktop" name="com.bridgelabz.DataDrivenFramework.LinkedLoginUsingExcel" tests="1" failures="0" timestamp="2019-12-17T18:48:34 IST" time="0.000" errors="0">
  <testcase name="loginLinkedIn" time="0.000" classname="com.bridgelabz.DataDrivenFramework.LinkedLoginUsingExcel">
    <skipped/>
  </testcase> <!-- loginLinkedIn -->
</testsuite> <!-- com.bridgelabz.DataDrivenFramework.LinkedLoginUsingExcel -->
