<?xml version="1.0" encoding="UTF-8"?>
<!-- Generated by org.testng.reporters.JUnitReportReporter -->
<testsuite skipped="0" hostname="admin106-desktop" name="com.bridgelabz.DataDrivenFramework.LinkedInLogin" tests="3" failures="0" timestamp="2019-12-17T18:57:19 IST" time="42.374" errors="0">
  <testcase name="loginLinkedIn" time="8.973" classname="com.bridgelabz.DataDrivenFramework.LinkedInLogin"/>
  <testcase name="loginLinkedIn" time="19.070" classname="com.bridgelabz.DataDrivenFramework.LinkedInLogin"/>
  <testcase name="loginLinkedIn" time="14.331" classname="com.bridgelabz.DataDrivenFramework.LinkedInLogin"/>
</testsuite> <!-- com.bridgelabz.DataDrivenFramework.LinkedInLogin -->
